# JRE version: Java(TM) SE Runtime Environment (7.0_51-b13) (build 1.7.0_51-b13)
# Java VM: Java HotSpot(TM) Client VM (24.51-b03 mixed mode, sharing windows-x86 )
Heap
 def new generation   total 32256K, used 8929K [0x237f0000, 0x25af0000, 0x28d40000)
  eden space 28672K,  29% used [0x237f0000, 0x24051400, 0x253f0000)
  from space 3584K,   9% used [0x25770000, 0x257c71f8, 0x25af0000)
  to   space 3584K,   0% used [0x253f0000, 0x253f0000, 0x25770000)
 tenured generation   total 71588K, used 42950K [0x28d40000, 0x2d329000, 0x337f0000)
   the space 71588K,  59% used [0x28d40000, 0x2b731be8, 0x2b731c00, 0x2d329000)
 compacting perm gen  total 12288K, used 9068K [0x337f0000, 0x343f0000, 0x377f0000)
   the space 12288K,  73% used [0x337f0000, 0x340cb0b8, 0x340cb200, 0x343f0000)
    ro space 10240K,  44% used [0x377f0000, 0x37c67e30, 0x37c68000, 0x381f0000)
    rw space 12288K,  52% used [0x381f0000, 0x3883eb58, 0x3883ec00, 0x38df0000)
GC Heap History (10 events):
Event: 338.953 GC heap before
{Heap before GC invocations=263 (full 5):
 def new generation   total 32256K, used 28672K [0x237f0000, 0x25af0000, 0x28d40000)
  eden space 28672K, 100% used [0x237f0000, 0x253f0000, 0x253f0000)
  from space 3584K,   0% used [0x253f0000, 0x253f0000, 0x25770000)
  to   space 3584K,   0% used [0x25770000, 0x25770000, 0x25af0000)
 tenured generation   total 71588K, used 42950K [0x28d40000, 0x2d329000, 0x337f0000)
   the space 71588K,  59% used [0x28d40000, 0x2b731be8, 0x2b731c00, 0x2d329000)
 compacting perm gen  total 12288K, used 9063K [0x337f0000, 0x343f0000, 0x377f0000)
   the space 12288K,  73% used [0x337f0000, 0x340c9fa8, 0x340ca000, 0x343f0000)
    ro space 10240K,  44% used [0x377f0000, 0x37c67e30, 0x37c68000, 0x381f0000)
    rw space 12288K,  52% used [0x381f0000, 0x3883eb58, 0x3883ec00, 0x38df0000)
Event: 338.957 GC heap after
Heap after GC invocations=264 (full 5):
 def new generation   total 32256K, used 129K [0x237f0000, 0x25af0000, 0x28d40000)
  eden space 28672K,   0% used [0x237f0000, 0x237f0000, 0x253f0000)
  from space 3584K,   3% used [0x25770000, 0x257904a8, 0x25af0000)
  to   space 3584K,   0% used [0x253f0000, 0x253f0000, 0x25770000)
 tenured generation   total 71588K, used 42950K [0x28d40000, 0x2d329000, 0x337f0000)
   the space 71588K,  59% used [0x28d40000, 0x2b731be8, 0x2b731c00, 0x2d329000)
 compacting perm gen  total 12288K, used 9063K [0x337f0000, 0x343f0000, 0x377f0000)
   the space 12288K,  73% used [0x337f0000, 0x340c9fa8, 0x340ca000, 0x343f0000)
    ro space 10240K,  44% used [0x377f0000, 0x37c67e30, 0x37c68000, 0x381f0000)
    rw space 12288K,  52% used [0x381f0000, 0x3883eb58, 0x3883ec00, 0x38df0000)
}
Event: 371.550 GC heap before
{Heap before GC invocations=264 (full 5):
 def new generation   total 32256K, used 28801K [0x237f0000, 0x25af0000, 0x28d40000)
  eden space 28672K, 100% used [0x237f0000, 0x253f0000, 0x253f0000)
  from space 3584K,   3% used [0x25770000, 0x257904a8, 0x25af0000)
  to   space 3584K,   0% used [0x253f0000, 0x253f0000, 0x25770000)
 tenured generation   total 71588K, used 42950K [0x28d40000, 0x2d329000, 0x337f0000)
   the space 71588K,  59% used [0x28d40000, 0x2b731be8, 0x2b731c00, 0x2d329000)
 compacting perm gen  total 12288K, used 9064K [0x337f0000, 0x343f0000, 0x377f0000)
   the space 12288K,  73% used [0x337f0000, 0x340ca108, 0x340ca200, 0x343f0000)
    ro space 10240K,  44% used [0x377f0000, 0x37c67e30, 0x37c68000, 0x381f0000)
    rw space 12288K,  52% used [0x381f0000, 0x3883eb58, 0x3883ec00, 0x38df0000)
Event: 371.551 GC heap after
Heap after GC invocations=265 (full 5):
 def new generation   total 32256K, used 156K [0x237f0000, 0x25af0000, 0x28d40000)
  eden space 28672K,   0% used [0x237f0000, 0x237f0000, 0x253f0000)
  from space 3584K,   4% used [0x253f0000, 0x25417398, 0x25770000)
  to   space 3584K,   0% used [0x25770000, 0x25770000, 0x25af0000)
 tenured generation   total 71588K, used 42950K [0x28d40000, 0x2d329000, 0x337f0000)
   the space 71588K,  59% used [0x28d40000, 0x2b731be8, 0x2b731c00, 0x2d329000)
 compacting perm gen  total 12288K, used 9064K [0x337f0000, 0x343f0000, 0x377f0000)
   the space 12288K,  73% used [0x337f0000, 0x340ca108, 0x340ca200, 0x343f0000)
    ro space 10240K,  44% used [0x377f0000, 0x37c67e30, 0x37c68000, 0x381f0000)
    rw space 12288K,  52% used [0x381f0000, 0x3883eb58, 0x3883ec00, 0x38df0000)
}
Event: 392.711 GC heap before
{Heap before GC invocations=265 (full 5):
 def new generation   total 32256K, used 28828K [0x237f0000, 0x25af0000, 0x28d40000)
  eden space 28672K, 100% used [0x237f0000, 0x253f0000, 0x253f0000)
  from space 3584K,   4% used [0x253f0000, 0x25417398, 0x25770000)
  to   space 3584K,   0% used [0x25770000, 0x25770000, 0x25af0000)
 tenured generation   total 71588K, used 42950K [0x28d40000, 0x2d329000, 0x337f0000)
   the space 71588K,  59% used [0x28d40000, 0x2b731be8, 0x2b731c00, 0x2d329000)
 compacting perm gen  total 12288K, used 9068K [0x337f0000, 0x343f0000, 0x377f0000)
   the space 12288K,  73% used [0x337f0000, 0x340cb088, 0x340cb200, 0x343f0000)
    ro space 10240K,  44% used [0x377f0000, 0x37c67e30, 0x37c68000, 0x381f0000)
    rw space 12288K,  52% used [0x381f0000, 0x3883eb58, 0x3883ec00, 0x38df0000)
Event: 392.720 GC heap after
Heap after GC invocations=266 (full 5):
 def new generation   total 32256K, used 380K [0x237f0000, 0x25af0000, 0x28d40000)
  eden space 28672K,   0% used [0x237f0000, 0x237f0000, 0x253f0000)
  from space 3584K,  10% used [0x25770000, 0x257cf118, 0x25af0000)
  to   space 3584K,   0% used [0x253f0000, 0x253f0000, 0x25770000)
 tenured generation   total 71588K, used 42950K [0x28d40000, 0x2d329000, 0x337f0000)
   the space 71588K,  59% used [0x28d40000, 0x2b731be8, 0x2b731c00, 0x2d329000)
 compacting perm gen  total 12288K, used 9068K [0x337f0000, 0x343f0000, 0x377f0000)
   the space 12288K,  73% used [0x337f0000, 0x340cb088, 0x340cb200, 0x343f0000)
    ro space 10240K,  44% used [0x377f0000, 0x37c67e30, 0x37c68000, 0x381f0000)
    rw space 12288K,  52% used [0x381f0000, 0x3883eb58, 0x3883ec00, 0x38df0000)
}
Event: 428.122 GC heap before
{Heap before GC invocations=266 (full 5):
 def new generation   total 32256K, used 29052K [0x237f0000, 0x25af0000, 0x28d40000)
  eden space 28672K, 100% used [0x237f0000, 0x253f0000, 0x253f0000)
  from space 3584K,  10% used [0x25770000, 0x257cf118, 0x25af0000)
  to   space 3584K,   0% used [0x253f0000, 0x253f0000, 0x25770000)
 tenured generation   total 71588K, used 42950K [0x28d40000, 0x2d329000, 0x337f0000)
   the space 71588K,  59% used [0x28d40000, 0x2b731be8, 0x2b731c00, 0x2d329000)
 compacting perm gen  total 12288K, used 9068K [0x337f0000, 0x343f0000, 0x377f0000)
   the space 12288K,  73% used [0x337f0000, 0x340cb098, 0x340cb200, 0x343f0000)
    ro space 10240K,  44% used [0x377f0000, 0x37c67e30, 0x37c68000, 0x381f0000)
    rw space 12288K,  52% used [0x381f0000, 0x3883eb58, 0x3883ec00, 0x38df0000)
Event: 428.139 GC heap after
Heap after GC invocations=267 (full 5):
 def new generation   total 32256K, used 279K [0x237f0000, 0x25af0000, 0x28d40000)
  eden space 28672K,   0% used [0x237f0000, 0x237f0000, 0x253f0000)
  from space 3584K,   7% used [0x253f0000, 0x25435e70, 0x25770000)
  to   space 3584K,   0% used [0x25770000, 0x25770000, 0x25af0000)
 tenured generation   total 71588K, used 42950K [0x28d40000, 0x2d329000, 0x337f0000)
   the space 71588K,  59% used [0x28d40000, 0x2b731be8, 0x2b731c00, 0x2d329000)
 compacting perm gen  total 12288K, used 9068K [0x337f0000, 0x343f0000, 0x377f0000)
   the space 12288K,  73% used [0x337f0000, 0x340cb098, 0x340cb200, 0x343f0000)
    ro space 10240K,  44% used [0x377f0000, 0x37c67e30, 0x37c68000, 0x381f0000)
    rw space 12288K,  52% used [0x381f0000, 0x3883eb58, 0x3883ec00, 0x38df0000)
}
Event: 462.088 GC heap before
{Heap before GC invocations=267 (full 5):
 def new generation   total 32256K, used 28951K [0x237f0000, 0x25af0000, 0x28d40000)
  eden space 28672K, 100% used [0x237f0000, 0x253f0000, 0x253f0000)
  from space 3584K,   7% used [0x253f0000, 0x25435e70, 0x25770000)
  to   space 3584K,   0% used [0x25770000, 0x25770000, 0x25af0000)
 tenured generation   total 71588K, used 42950K [0x28d40000, 0x2d329000, 0x337f0000)
   the space 71588K,  59% used [0x28d40000, 0x2b731be8, 0x2b731c00, 0x2d329000)
 compacting perm gen  total 12288K, used 9068K [0x337f0000, 0x343f0000, 0x377f0000)
   the space 12288K,  73% used [0x337f0000, 0x340cb0b8, 0x340cb200, 0x343f0000)
    ro space 10240K,  44% used [0x377f0000, 0x37c67e30, 0x37c68000, 0x381f0000)
    rw space 12288K,  52% used [0x381f0000, 0x3883eb58, 0x3883ec00, 0x38df0000)
Event: 462.089 GC heap after
Heap after GC invocations=268 (full 5):
 def new generation   total 32256K, used 348K [0x237f0000, 0x25af0000, 0x28d40000)
  eden space 28672K,   0% used [0x237f0000, 0x237f0000, 0x253f0000)
  from space 3584K,   9% used [0x25770000, 0x257c71f8, 0x25af0000)
  to   space 3584K,   0% used [0x253f0000, 0x253f0000, 0x25770000)
 tenured generation   total 71588K, used 42950K [0x28d40000, 0x2d329000, 0x337f0000)
   the space 71588K,  59% used [0x28d40000, 0x2b731be8, 0x2b731c00, 0x2d329000)
 compacting perm gen  total 12288K, used 9068K [0x337f0000, 0x343f0000, 0x377f0000)
   the space 12288K,  73% used [0x337f0000, 0x340cb0b8, 0x340cb200, 0x343f0000)
    ro space 10240K,  44% used [0x377f0000, 0x37c67e30, 0x37c68000, 0x381f0000)
    rw space 12288K,  52% used [0x381f0000, 0x3883eb58, 0x3883ec00, 0x38df0000)
}

